Jul 07 17:36:16 8070d1a5cdc7 kadmind[7](Error): Can not fetch master key (error: No such file or directory). while initializing, aborting

Jul 07 17:41:10 1a27c8a741cf kadmind[8](Error): Can not fetch master key (error: No such file or directory). while initializing, aborting

Jul 07 17:54:34 7e1d19becd38 kadmind[7](info): No dictionary file specified, continuing without one.
Jul 07 17:54:34 7e1d19becd38 kadmind[7](info): setting up network...
Jul 07 17:54:34 7e1d19becd38 kadmind[7](info): setsockopt(10,IPV6_V6ONLY,1) worked
Jul 07 17:54:34 7e1d19becd38 kadmind[7](info): setsockopt(12,IPV6_V6ONLY,1) worked
Jul 07 17:54:34 7e1d19becd38 kadmind[7](info): setsockopt(14,IPV6_V6ONLY,1) worked
Jul 07 17:54:34 7e1d19becd38 kadmind[7](info): set up 6 sockets
Jul 07 17:54:34 7e1d19becd38 kadmind[7](info): No dictionary file specified, continuing without one.
Jul 07 17:54:34 7e1d19becd38 kadmind[7](info): No dictionary file specified, continuing without one.
Jul 07 17:54:34 7e1d19becd38 kadmind[7](info): starting
Jul 07 17:57:49 74a499936127 kadmind[7](Error): Can not fetch master key (error: No such file or directory). while initializing, aborting

Jul 07 17:58:14 afd29b4b8c1d kadmind[7](info): No dictionary file specified, continuing without one.
Jul 07 17:58:14 afd29b4b8c1d kadmind[7](info): setting up network...
Jul 07 17:58:14 afd29b4b8c1d kadmind[7](info): setsockopt(10,IPV6_V6ONLY,1) worked
Jul 07 17:58:14 afd29b4b8c1d kadmind[7](info): setsockopt(12,IPV6_V6ONLY,1) worked
Jul 07 17:58:14 afd29b4b8c1d kadmind[7](info): setsockopt(14,IPV6_V6ONLY,1) worked
Jul 07 17:58:14 afd29b4b8c1d kadmind[7](info): set up 6 sockets
Jul 07 17:58:14 afd29b4b8c1d kadmind[7](info): No dictionary file specified, continuing without one.
Jul 07 17:58:14 afd29b4b8c1d kadmind[7](info): No dictionary file specified, continuing without one.
Jul 07 17:58:14 afd29b4b8c1d kadmind[7](info): starting
Jul 07 18:00:19 65b4a47102a1 kadmind[7](info): No dictionary file specified, continuing without one.
Jul 07 18:00:19 65b4a47102a1 kadmind[7](info): setting up network...
Jul 07 18:00:19 65b4a47102a1 kadmind[7](info): setsockopt(10,IPV6_V6ONLY,1) worked
Jul 07 18:00:19 65b4a47102a1 kadmind[7](info): setsockopt(12,IPV6_V6ONLY,1) worked
Jul 07 18:00:19 65b4a47102a1 kadmind[7](info): setsockopt(14,IPV6_V6ONLY,1) worked
Jul 07 18:00:19 65b4a47102a1 kadmind[7](info): set up 6 sockets
Jul 07 18:00:19 65b4a47102a1 kadmind[7](info): No dictionary file specified, continuing without one.
Jul 07 18:00:19 65b4a47102a1 kadmind[7](info): No dictionary file specified, continuing without one.
Jul 07 18:00:19 65b4a47102a1 kadmind[7](info): starting
Jul 08 10:15:43 d922ee6a22f5 kadmind[7](Error): Can not fetch master key (error: No such file or directory). while initializing, aborting

